<?xml version="1.0" encoding="UTF-8"?>
<testsuites>
  <testsuite name="ApplicationsCreateTest" filepath="test/services/applications/create_test.rb" skipped="0" failures="0" errors="0" tests="3" assertions="16" time="0.022662000032141805">
    <testcase name="test_returns_validation_error_and_does_not_create_side_effects" lineno="34" classname="ApplicationsCreateTest" assertions="6" time="0.0047550000017508864" file="test/services/applications/create_test.rb">
    </testcase>
    <testcase name="test_creates_application,_default_environment,_and_audit_event" lineno="4" classname="ApplicationsCreateTest" assertions="7" time="0.016713000019080937" file="test/services/applications/create_test.rb">
    </testcase>
    <testcase name="test_returns_forbidden_when_actor_is_not_a_team_member" lineno="22" classname="ApplicationsCreateTest" assertions="3" time="0.0011940000113099813" file="test/services/applications/create_test.rb">
    </testcase>
  </testsuite>
</testsuites>
