<?xml version="1.0" encoding="UTF-8"?>
<testsuites>
  <testsuite name="MembershipTest" filepath="test/models/membership_test.rb" skipped="0" failures="0" errors="0" tests="2" assertions="6" time="0.00213199999416247">
    <testcase name="test_requires_valid_role" lineno="4" classname="MembershipTest" assertions="3" time="0.000838999985717237" file="test/models/membership_test.rb">
    </testcase>
    <testcase name="test_enforces_unique_user_and_team_pair" lineno="11" classname="MembershipTest" assertions="3" time="0.001293000008445233" file="test/models/membership_test.rb">
    </testcase>
  </testsuite>
</testsuites>
