<?xml version="1.0" encoding="UTF-8"?>
<testsuites>
  <testsuite name="ApplicationTest" filepath="test/models/application_test.rb" skipped="0" failures="0" errors="0" tests="3" assertions="6" time="0.0023430000292137265">
    <testcase name="test_generates_slug_from_name" lineno="4" classname="ApplicationTest" assertions="2" time="0.0007450000266544521" file="test/models/application_test.rb">
    </testcase>
    <testcase name="test_allows_same_name_on_different_teams" lineno="18" classname="ApplicationTest" assertions="1" time="0.0007409999961964786" file="test/models/application_test.rb">
    </testcase>
    <testcase name="test_requires_unique_name_per_team" lineno="11" classname="ApplicationTest" assertions="3" time="0.0008570000063627958" file="test/models/application_test.rb">
    </testcase>
  </testsuite>
</testsuites>
