<?xml version="1.0" encoding="UTF-8"?>
<testsuites>
  <testsuite name="EnvironmentTest" filepath="test/models/environment_test.rb" skipped="0" failures="0" errors="0" tests="2" assertions="6" time="0.0012069999938830733">
    <testcase name="test_requires_name" lineno="4" classname="EnvironmentTest" assertions="3" time="0.0006259999936446548" file="test/models/environment_test.rb">
    </testcase>
    <testcase name="test_requires_default_to_be_boolean" lineno="11" classname="EnvironmentTest" assertions="3" time="0.0005810000002384186" file="test/models/environment_test.rb">
    </testcase>
  </testsuite>
</testsuites>
