<?xml version="1.0" encoding="UTF-8"?>
<testsuites>
  <testsuite name="HomeControllerTest" filepath="test/controllers/home_controller_test.rb" skipped="0" failures="0" errors="0" tests="2" assertions="4" time="0.01611100003356114">
    <testcase name="test_root_landing_page_is_available" lineno="4" classname="HomeControllerTest" assertions="3" time="0.013768000004347414" file="test/controllers/home_controller_test.rb">
    </testcase>
    <testcase name="test_health_endpoint_is_available" lineno="11" classname="HomeControllerTest" assertions="1" time="0.0023430000292137265" file="test/controllers/home_controller_test.rb">
    </testcase>
  </testsuite>
</testsuites>
